  CheckpointLogger.cpp
  DeathLogger.cpp
  main.cpp
D:\Projects\Repos\GEDAssignment2\CustomDLL\VSProjects\SednaPlugins\UserMetricsLogger\UserMetricsLogger.h(25,32): warning C4251: 'UserMetricsLogger::logData': class 'std::vector<MetricLog,std::allocator<MetricLog>>' needs to have dll-interface to be used by clients of class 'UserMetricsLogger'
D:\Projects\Repos\GEDAssignment2\CustomDLL\VSProjects\SednaPlugins\UserMetricsLogger\UserMetricsLogger.h(25): message : see declaration of 'std::vector<MetricLog,std::allocator<MetricLog>>'
D:\Projects\Repos\GEDAssignment2\CustomDLL\VSProjects\SednaPlugins\UserMetricsLogger\UserMetricsLogger.h(26,26): warning C4251: 'UserMetricsLogger::defaultPath': class 'std::basic_string<char,std::char_traits<char>,std::allocator<char>>' needs to have dll-interface to be used by clients of class 'UserMetricsLogger'
C:\Program Files (x86)\Microsoft Visual Studio\2019\Community\VC\Tools\MSVC\14.27.29110\include\xstring(4564): message : see declaration of 'std::basic_string<char,std::char_traits<char>,std::allocator<char>>'
D:\Projects\Repos\GEDAssignment2\CustomDLL\VSProjects\SednaPlugins\UserMetricsLogger\main.cpp(14,10): error C2039: 'LogCheckpointTime': is not a member of 'UserMetricsLogger'
D:\Projects\Repos\GEDAssignment2\CustomDLL\VSProjects\SednaPlugins\UserMetricsLogger\UserMetricsLogger.h(9): message : see declaration of 'UserMetricsLogger'
D:\Projects\Repos\GEDAssignment2\CustomDLL\VSProjects\SednaPlugins\UserMetricsLogger\main.cpp(19,27): warning C4244: '=': conversion from 'time_t' to 'float', possible loss of data
D:\Projects\Repos\GEDAssignment2\CustomDLL\VSProjects\SednaPlugins\UserMetricsLogger\main.cpp(21,10): error C2039: 'LogDeath': is not a member of 'UserMetricsLogger'
D:\Projects\Repos\GEDAssignment2\CustomDLL\VSProjects\SednaPlugins\UserMetricsLogger\UserMetricsLogger.h(9): message : see declaration of 'UserMetricsLogger'
  UserMetricsLogger.cpp
D:\Projects\Repos\GEDAssignment2\CustomDLL\VSProjects\SednaPlugins\UserMetricsLogger\UserMetricsLogger.h(25,32): warning C4251: 'UserMetricsLogger::logData': class 'std::vector<MetricLog,std::allocator<MetricLog>>' needs to have dll-interface to be used by clients of class 'UserMetricsLogger'
D:\Projects\Repos\GEDAssignment2\CustomDLL\VSProjects\SednaPlugins\UserMetricsLogger\UserMetricsLogger.h(25): message : see declaration of 'std::vector<MetricLog,std::allocator<MetricLog>>'
D:\Projects\Repos\GEDAssignment2\CustomDLL\VSProjects\SednaPlugins\UserMetricsLogger\UserMetricsLogger.h(26,26): warning C4251: 'UserMetricsLogger::defaultPath': class 'std::basic_string<char,std::char_traits<char>,std::allocator<char>>' needs to have dll-interface to be used by clients of class 'UserMetricsLogger'
C:\Program Files (x86)\Microsoft Visual Studio\2019\Community\VC\Tools\MSVC\14.27.29110\include\xstring(4564): message : see declaration of 'std::basic_string<char,std::char_traits<char>,std::allocator<char>>'
D:\Projects\Repos\GEDAssignment2\CustomDLL\VSProjects\SednaPlugins\UserMetricsLogger\UserMetricsLogger.cpp(13,12): warning C4244: 'argument': conversion from 'time_t' to 'unsigned int', possible loss of data
D:\Projects\Repos\GEDAssignment2\CustomDLL\VSProjects\SednaPlugins\UserMetricsLogger\UserMetricsLogger.cpp(19,10): warning C4129: 'B': unrecognized character escape sequence
  Wrapper.cpp
D:\Projects\Repos\GEDAssignment2\CustomDLL\VSProjects\SednaPlugins\UserMetricsLogger\UserMetricsLogger.h(25,32): warning C4251: 'UserMetricsLogger::logData': class 'std::vector<MetricLog,std::allocator<MetricLog>>' needs to have dll-interface to be used by clients of class 'UserMetricsLogger'
D:\Projects\Repos\GEDAssignment2\CustomDLL\VSProjects\SednaPlugins\UserMetricsLogger\UserMetricsLogger.h(25): message : see declaration of 'std::vector<MetricLog,std::allocator<MetricLog>>'
D:\Projects\Repos\GEDAssignment2\CustomDLL\VSProjects\SednaPlugins\UserMetricsLogger\UserMetricsLogger.h(26,26): warning C4251: 'UserMetricsLogger::defaultPath': class 'std::basic_string<char,std::char_traits<char>,std::allocator<char>>' needs to have dll-interface to be used by clients of class 'UserMetricsLogger'
C:\Program Files (x86)\Microsoft Visual Studio\2019\Community\VC\Tools\MSVC\14.27.29110\include\xstring(4564): message : see declaration of 'std::basic_string<char,std::char_traits<char>,std::allocator<char>>'
  Generating Code...
